1548426504282	mozrunner::runner	INFO	Running command: "/usr/bin/firefox" "-marionette" "-headless" "-foreground" "-no-remote" "-profile" "/tmp/rust_mozprofile.APfD6gDnPkh1"
*** You are running in headless mode.
1548426504537	addons.webextension.screenshots@mozilla.org	WARN	Loading extension 'screenshots@mozilla.org': Reading manifest: Invalid host permission: resource://pdf.js/
1548426504537	addons.webextension.screenshots@mozilla.org	WARN	Loading extension 'screenshots@mozilla.org': Reading manifest: Invalid host permission: about:reader*
Fontconfig error: Cannot scan config file "infinality/conf.d"
Fontconfig error: Cannot scan config file "infinality/conf.d"
Fontconfig error: Cannot scan config file "infinality/conf.d"
1548426505405	Marionette	INFO	Listening on port 41469
1548426505487	Marionette	WARN	TLS certificate errors will be ignored for this session
Fontconfig error: Cannot scan config file "infinality/conf.d"
JavaScript error: https://s.imgur.com/min/album.js?1548284521, line 5: TypeError: _.templates is undefined
console.error: BroadcastService: 
  receivedBroadcastMessage: handler for
  remote-settings/monitor_changes
  threw error:
  Message: Error: Polling for changes failed: NetworkError when attempting to fetch resource..
  Stack:
    remoteSettingsFunction/remoteSettings.pollChanges@resource://services-settings/remote-settings.js:750:13

1548426541354	Marionette	INFO	Stopped listening on port 41469
[Child 13017, Chrome_ChildThread] WARNING: pipe error (3): Connection reset by peer: file /builds/worker/workspace/build/src/ipc/chromium/src/chrome/common/ipc_channel_posix.cc, line 363
[Parent 12833, Gecko_IOThread] WARNING: pipe error (65): Connection reset by peer: file /builds/worker/workspace/build/src/ipc/chromium/src/chrome/common/ipc_channel_posix.cc, line 363
1548426573721	mozrunner::runner	INFO	Running command: "/usr/bin/firefox" "-marionette" "-headless" "-foreground" "-no-remote" "-profile" "/tmp/rust_mozprofile.MxJ6wRGpNnKB"
*** You are running in headless mode.
1548426573977	addons.webextension.screenshots@mozilla.org	WARN	Loading extension 'screenshots@mozilla.org': Reading manifest: Invalid host permission: resource://pdf.js/
1548426573977	addons.webextension.screenshots@mozilla.org	WARN	Loading extension 'screenshots@mozilla.org': Reading manifest: Invalid host permission: about:reader*
Fontconfig error: Cannot scan config file "infinality/conf.d"
Fontconfig error: Cannot scan config file "infinality/conf.d"
Fontconfig error: Cannot scan config file "infinality/conf.d"
1548426574831	Marionette	INFO	Listening on port 35913
1548426574934	Marionette	WARN	TLS certificate errors will be ignored for this session
Fontconfig error: Cannot scan config file "infinality/conf.d"
JavaScript error: https://s.imgur.com/min/album.js?1548284521, line 5: TypeError: _.templates is undefined
console.error: BroadcastService: 
  receivedBroadcastMessage: handler for
  remote-settings/monitor_changes
  threw error:
  Message: Error: Polling for changes failed: NetworkError when attempting to fetch resource..
  Stack:
    remoteSettingsFunction/remoteSettings.pollChanges@resource://services-settings/remote-settings.js:750:13

1548426635286	Marionette	INFO	Stopped listening on port 35913

###!!! [Child][RunMessage] Error: Channel closing: too late to send/recv, messages will be lost

[Parent 13199, Gecko_IOThread] WARNING: pipe error (65): Connection reset by peer: file /builds/worker/workspace/build/src/ipc/chromium/src/chrome/common/ipc_channel_posix.cc, line 363
1548426672311	mozrunner::runner	INFO	Running command: "/usr/bin/firefox" "-marionette" "-headless" "-foreground" "-no-remote" "-profile" "/tmp/rust_mozprofile.0O2IxhJ8JF7I"
*** You are running in headless mode.
1548426672550	addons.webextension.screenshots@mozilla.org	WARN	Loading extension 'screenshots@mozilla.org': Reading manifest: Invalid host permission: resource://pdf.js/
1548426672550	addons.webextension.screenshots@mozilla.org	WARN	Loading extension 'screenshots@mozilla.org': Reading manifest: Invalid host permission: about:reader*
Fontconfig error: Cannot scan config file "infinality/conf.d"
Fontconfig error: Cannot scan config file "infinality/conf.d"
Fontconfig error: Cannot scan config file "infinality/conf.d"
1548426673358	Marionette	INFO	Listening on port 41215
1548426673414	Marionette	WARN	TLS certificate errors will be ignored for this session
Fontconfig error: Cannot scan config file "infinality/conf.d"
JavaScript error: https://s.imgur.com/min/album.js?1548284521, line 5: TypeError: _.templates is undefined
console.error: BroadcastService: 
  receivedBroadcastMessage: handler for
  remote-settings/monitor_changes
  threw error:
  Message: Error: Polling for changes failed: NetworkError when attempting to fetch resource..
  Stack:
    remoteSettingsFunction/remoteSettings.pollChanges@resource://services-settings/remote-settings.js:750:13

1548426699125	mozrunner::runner	INFO	Running command: "/usr/bin/firefox" "-marionette" "-headless" "-foreground" "-no-remote" "-profile" "/tmp/rust_mozprofile.0IOXUx9asLBp"
*** You are running in headless mode.
1548426699373	addons.webextension.screenshots@mozilla.org	WARN	Loading extension 'screenshots@mozilla.org': Reading manifest: Invalid host permission: resource://pdf.js/
1548426699373	addons.webextension.screenshots@mozilla.org	WARN	Loading extension 'screenshots@mozilla.org': Reading manifest: Invalid host permission: about:reader*
Fontconfig error: Cannot scan config file "infinality/conf.d"
Fontconfig error: Cannot scan config file "infinality/conf.d"
Fontconfig error: Cannot scan config file "infinality/conf.d"
1548426700235	Marionette	INFO	Listening on port 43395
1548426700330	Marionette	WARN	TLS certificate errors will be ignored for this session
Fontconfig error: Cannot scan config file "infinality/conf.d"
JavaScript error: https://s.imgur.com/min/album.js?1548284521, line 5: TypeError: _.templates is undefined
console.error: BroadcastService: 
  receivedBroadcastMessage: handler for
  remote-settings/monitor_changes
  threw error:
  Message: Error: Polling for changes failed: NetworkError when attempting to fetch resource..
  Stack:
    remoteSettingsFunction/remoteSettings.pollChanges@resource://services-settings/remote-settings.js:750:13

1548426735706	mozrunner::runner	INFO	Running command: "/usr/bin/firefox" "-marionette" "-headless" "-foreground" "-no-remote" "-profile" "/tmp/rust_mozprofile.3NNHTUXmmGer"
*** You are running in headless mode.
1548426735951	addons.webextension.screenshots@mozilla.org	WARN	Loading extension 'screenshots@mozilla.org': Reading manifest: Invalid host permission: resource://pdf.js/
1548426735951	addons.webextension.screenshots@mozilla.org	WARN	Loading extension 'screenshots@mozilla.org': Reading manifest: Invalid host permission: about:reader*
Fontconfig error: Cannot scan config file "infinality/conf.d"
Fontconfig error: Cannot scan config file "infinality/conf.d"
Fontconfig error: Cannot scan config file "infinality/conf.d"
1548426736798	Marionette	INFO	Listening on port 44283
1548426736811	Marionette	WARN	TLS certificate errors will be ignored for this session
Fontconfig error: Cannot scan config file "infinality/conf.d"
JavaScript error: https://s.imgur.com/min/album.js?1548284521, line 5: TypeError: _.templates is undefined
console.error: BroadcastService: 
  receivedBroadcastMessage: handler for
  remote-settings/monitor_changes
  threw error:
  Message: Error: Polling for changes failed: NetworkError when attempting to fetch resource..
  Stack:
    remoteSettingsFunction/remoteSettings.pollChanges@resource://services-settings/remote-settings.js:750:13

1548426769043	mozrunner::runner	INFO	Running command: "/usr/bin/firefox" "-marionette" "-headless" "-foreground" "-no-remote" "-profile" "/tmp/rust_mozprofile.dFHfouCQyt8w"
*** You are running in headless mode.
1548426769283	addons.webextension.screenshots@mozilla.org	WARN	Loading extension 'screenshots@mozilla.org': Reading manifest: Invalid host permission: resource://pdf.js/
1548426769283	addons.webextension.screenshots@mozilla.org	WARN	Loading extension 'screenshots@mozilla.org': Reading manifest: Invalid host permission: about:reader*
Fontconfig error: Cannot scan config file "infinality/conf.d"
Fontconfig error: Cannot scan config file "infinality/conf.d"
Fontconfig error: Cannot scan config file "infinality/conf.d"
1548426770102	Marionette	INFO	Listening on port 35653
1548426770147	Marionette	WARN	TLS certificate errors will be ignored for this session
Fontconfig error: Cannot scan config file "infinality/conf.d"
[GFX1-]: Receive IPC close with reason=AbnormalShutdown
[Child 14662, Chrome_ChildThread] WARNING: pipe error (3): Connection reset by peer: file /builds/worker/workspace/build/src/ipc/chromium/src/chrome/common/ipc_channel_posix.cc, line 363
[GFX1-]: Receive IPC close with reason=AbnormalShutdown
[Child 14636, Chrome_ChildThread] WARNING: pipe error (3): Connection reset by peer: file /builds/worker/workspace/build/src/ipc/chromium/src/chrome/common/ipc_channel_posix.cc, line 363
1548426775867	mozrunner::runner	INFO	Running command: "/usr/bin/firefox" "-marionette" "-headless" "-foreground" "-no-remote" "-profile" "/tmp/rust_mozprofile.nmkzAvOJJPxS"
*** You are running in headless mode.
1548426776108	addons.webextension.screenshots@mozilla.org	WARN	Loading extension 'screenshots@mozilla.org': Reading manifest: Invalid host permission: resource://pdf.js/
1548426776108	addons.webextension.screenshots@mozilla.org	WARN	Loading extension 'screenshots@mozilla.org': Reading manifest: Invalid host permission: about:reader*
Fontconfig error: Cannot scan config file "infinality/conf.d"
Fontconfig error: Cannot scan config file "infinality/conf.d"
Fontconfig error: Cannot scan config file "infinality/conf.d"
1548426776943	Marionette	INFO	Listening on port 43793
1548426776976	Marionette	WARN	TLS certificate errors will be ignored for this session
Fontconfig error: Cannot scan config file "infinality/conf.d"
JavaScript error: https://s.imgur.com/min/album.js?1548284521, line 5: TypeError: _.templates is undefined
[GFX1-]: Receive IPC close with reason=AbnormalShutdown
[Child 15017, Chrome_ChildThread] WARNING: pipe error (3): Connection reset by peer: file /builds/worker/workspace/build/src/ipc/chromium/src/chrome/common/ipc_channel_posix.cc, line 363
1548426798117	mozrunner::runner	INFO	Running command: "/usr/bin/firefox" "-marionette" "-headless" "-foreground" "-no-remote" "-profile" "/tmp/rust_mozprofile.gbsKDfFVGn1n"
*** You are running in headless mode.
1548426798360	addons.webextension.screenshots@mozilla.org	WARN	Loading extension 'screenshots@mozilla.org': Reading manifest: Invalid host permission: resource://pdf.js/
1548426798360	addons.webextension.screenshots@mozilla.org	WARN	Loading extension 'screenshots@mozilla.org': Reading manifest: Invalid host permission: about:reader*
Fontconfig error: Cannot scan config file "infinality/conf.d"
Fontconfig error: Cannot scan config file "infinality/conf.d"
Fontconfig error: Cannot scan config file "infinality/conf.d"
1548426799222	Marionette	INFO	Listening on port 39635
1548426799330	Marionette	WARN	TLS certificate errors will be ignored for this session
Fontconfig error: Cannot scan config file "infinality/conf.d"
JavaScript error: https://s.imgur.com/min/album.js?1548284521, line 5: TypeError: _.templates is undefined
console.error: BroadcastService: 
  receivedBroadcastMessage: handler for
  remote-settings/monitor_changes
  threw error:
  Message: Error: Polling for changes failed: NetworkError when attempting to fetch resource..
  Stack:
    remoteSettingsFunction/remoteSettings.pollChanges@resource://services-settings/remote-settings.js:750:13

1548426912193	mozrunner::runner	INFO	Running command: "/usr/bin/firefox" "-marionette" "-headless" "-foreground" "-no-remote" "-profile" "/tmp/rust_mozprofile.gEycYTsitptU"
*** You are running in headless mode.
1548426912436	addons.webextension.screenshots@mozilla.org	WARN	Loading extension 'screenshots@mozilla.org': Reading manifest: Invalid host permission: resource://pdf.js/
1548426912436	addons.webextension.screenshots@mozilla.org	WARN	Loading extension 'screenshots@mozilla.org': Reading manifest: Invalid host permission: about:reader*
Fontconfig error: Cannot scan config file "infinality/conf.d"
Fontconfig error: Cannot scan config file "infinality/conf.d"
Fontconfig error: Cannot scan config file "infinality/conf.d"
1548426913292	Marionette	INFO	Listening on port 39499
1548426913299	Marionette	WARN	TLS certificate errors will be ignored for this session
Fontconfig error: Cannot scan config file "infinality/conf.d"
JavaScript error: https://s.imgur.com/min/album.js?1548284521, line 5: TypeError: _.templates is undefined
1548426927421	Marionette	INFO	Stopped listening on port 39499

###!!! [Child][MessageChannel] Error: (msgtype=0x580029,name=PNecko::Msg_RemoveRequestContext) Channel closing: too late to send/recv, messages will be lost


###!!! [Child][RunMessage] Error: Channel closing: too late to send/recv, messages will be lost


###!!! [Child][RunMessage] Error: Channel closing: too late to send/recv, messages will be lost


###!!! [Child][RunMessage] Error: Channel closing: too late to send/recv, messages will be lost


###!!! [Child][RunMessage] Error: Channel closing: too late to send/recv, messages will be lost


###!!! [Child][RunMessage] Error: Channel closing: too late to send/recv, messages will be lost


###!!! [Child][RunMessage] Error: Channel closing: too late to send/recv, messages will be lost


###!!! [Child][RunMessage] Error: Channel closing: too late to send/recv, messages will be lost


###!!! [Child][RunMessage] Error: Channel closing: too late to send/recv, messages will be lost


###!!! [Child][RunMessage] Error: Channel closing: too late to send/recv, messages will be lost

[Child 15698, Chrome_ChildThread] WARNING: pipe error (3): Connection reset by peer: file /builds/worker/workspace/build/src/ipc/chromium/src/chrome/common/ipc_channel_posix.cc, line 363
[Parent 15519, Gecko_IOThread] WARNING: pipe error (65): Connection reset by peer: file /builds/worker/workspace/build/src/ipc/chromium/src/chrome/common/ipc_channel_posix.cc, line 363
[Parent 15519, Gecko_IOThread] WARNING: pipe error (66): Connection reset by peer: file /builds/worker/workspace/build/src/ipc/chromium/src/chrome/common/ipc_channel_posix.cc, line 363
1548427004756	mozrunner::runner	INFO	Running command: "/usr/bin/firefox" "-marionette" "-headless" "-foreground" "-no-remote" "-profile" "/tmp/rust_mozprofile.CZfbPUM8Oj5p"
*** You are running in headless mode.
1548427004997	addons.webextension.screenshots@mozilla.org	WARN	Loading extension 'screenshots@mozilla.org': Reading manifest: Invalid host permission: resource://pdf.js/
1548427004998	addons.webextension.screenshots@mozilla.org	WARN	Loading extension 'screenshots@mozilla.org': Reading manifest: Invalid host permission: about:reader*
Fontconfig error: Cannot scan config file "infinality/conf.d"
Fontconfig error: Cannot scan config file "infinality/conf.d"
Fontconfig error: Cannot scan config file "infinality/conf.d"
1548427005823	Marionette	INFO	Listening on port 35223
1548427005868	Marionette	WARN	TLS certificate errors will be ignored for this session
Fontconfig error: Cannot scan config file "infinality/conf.d"
JavaScript error: https://s.imgur.com/min/album.js?1548284521, line 5: TypeError: _.templates is undefined
console.error: BroadcastService: 
  receivedBroadcastMessage: handler for
  remote-settings/monitor_changes
  threw error:
  Message: Error: Polling for changes failed: NetworkError when attempting to fetch resource..
  Stack:
    remoteSettingsFunction/remoteSettings.pollChanges@resource://services-settings/remote-settings.js:750:13

1548427042030	Marionette	INFO	Stopped listening on port 35223
[Parent 15870, Gecko_IOThread] WARNING: pipe error (65): Connection reset by peer: file /builds/worker/workspace/build/src/ipc/chromium/src/chrome/common/ipc_channel_posix.cc, line 363

###!!! [Child][MessageChannel] Error: (msgtype=0x580029,name=PNecko::Msg_RemoveRequestContext) Channel closing: too late to send/recv, messages will be lost

1548427097736	mozrunner::runner	INFO	Running command: "/usr/bin/firefox" "-marionette" "-headless" "-foreground" "-no-remote" "-profile" "/tmp/rust_mozprofile.BGnpTX7R8Peo"
*** You are running in headless mode.
1548427097976	addons.webextension.screenshots@mozilla.org	WARN	Loading extension 'screenshots@mozilla.org': Reading manifest: Invalid host permission: resource://pdf.js/
1548427097977	addons.webextension.screenshots@mozilla.org	WARN	Loading extension 'screenshots@mozilla.org': Reading manifest: Invalid host permission: about:reader*
Fontconfig error: Cannot scan config file "infinality/conf.d"
Fontconfig error: Cannot scan config file "infinality/conf.d"
Fontconfig error: Cannot scan config file "infinality/conf.d"
1548427098797	Marionette	INFO	Listening on port 41289
1548427098840	Marionette	WARN	TLS certificate errors will be ignored for this session
Fontconfig error: Cannot scan config file "infinality/conf.d"
[Child 16494, Chrome_ChildThread] WARNING: pipe error (3): Connection reset by peer: file /builds/worker/workspace/build/src/ipc/chromium/src/chrome/common/ipc_channel_posix.cc, line 363
1548427117147	mozrunner::runner	INFO	Running command: "/usr/bin/firefox" "-marionette" "-headless" "-foreground" "-no-remote" "-profile" "/tmp/rust_mozprofile.CwWyANn5xTVa"
*** You are running in headless mode.
1548427117391	addons.webextension.screenshots@mozilla.org	WARN	Loading extension 'screenshots@mozilla.org': Reading manifest: Invalid host permission: resource://pdf.js/
1548427117391	addons.webextension.screenshots@mozilla.org	WARN	Loading extension 'screenshots@mozilla.org': Reading manifest: Invalid host permission: about:reader*
Fontconfig error: Cannot scan config file "infinality/conf.d"
Fontconfig error: Cannot scan config file "infinality/conf.d"
Fontconfig error: Cannot scan config file "infinality/conf.d"
1548427118222	Marionette	INFO	Listening on port 33823
1548427118257	Marionette	WARN	TLS certificate errors will be ignored for this session
Fontconfig error: Cannot scan config file "infinality/conf.d"
1548427122963	mozrunner::runner	INFO	Running command: "/usr/bin/firefox" "-marionette" "-headless" "-foreground" "-no-remote" "-profile" "/tmp/rust_mozprofile.Z0zkMbTbkDL3"
*** You are running in headless mode.
1548427123213	addons.webextension.screenshots@mozilla.org	WARN	Loading extension 'screenshots@mozilla.org': Reading manifest: Invalid host permission: resource://pdf.js/
1548427123213	addons.webextension.screenshots@mozilla.org	WARN	Loading extension 'screenshots@mozilla.org': Reading manifest: Invalid host permission: about:reader*
Fontconfig error: Cannot scan config file "infinality/conf.d"
Fontconfig error: Cannot scan config file "infinality/conf.d"
Fontconfig error: Cannot scan config file "infinality/conf.d"
1548427124083	Marionette	INFO	Listening on port 39787
1548427124175	Marionette	WARN	TLS certificate errors will be ignored for this session
Fontconfig error: Cannot scan config file "infinality/conf.d"
JavaScript error: https://s.imgur.com/min/album.js?1548284521, line 5: TypeError: _.templates is undefined
console.error: BroadcastService: 
  receivedBroadcastMessage: handler for
  remote-settings/monitor_changes
  threw error:
  Message: Error: Polling for changes failed: NetworkError when attempting to fetch resource..
  Stack:
    remoteSettingsFunction/remoteSettings.pollChanges@resource://services-settings/remote-settings.js:750:13

1548427169865	mozrunner::runner	INFO	Running command: "/usr/bin/firefox" "-marionette" "-headless" "-foreground" "-no-remote" "-profile" "/tmp/rust_mozprofile.iruLhgCOasri"
*** You are running in headless mode.
1548427170107	addons.webextension.screenshots@mozilla.org	WARN	Loading extension 'screenshots@mozilla.org': Reading manifest: Invalid host permission: resource://pdf.js/
1548427170107	addons.webextension.screenshots@mozilla.org	WARN	Loading extension 'screenshots@mozilla.org': Reading manifest: Invalid host permission: about:reader*
Fontconfig error: Cannot scan config file "infinality/conf.d"
Fontconfig error: Cannot scan config file "infinality/conf.d"
Fontconfig error: Cannot scan config file "infinality/conf.d"
1548427170948	Marionette	INFO	Listening on port 35305
1548427170969	Marionette	WARN	TLS certificate errors will be ignored for this session
Fontconfig error: Cannot scan config file "infinality/conf.d"
JavaScript error: https://s.imgur.com/min/album.js?1548284521, line 5: TypeError: _.templates is undefined
console.error: BroadcastService: 
  receivedBroadcastMessage: handler for
  remote-settings/monitor_changes
  threw error:
  Message: Error: Polling for changes failed: NetworkError when attempting to fetch resource..
  Stack:
    remoteSettingsFunction/remoteSettings.pollChanges@resource://services-settings/remote-settings.js:750:13

1548427215552	mozrunner::runner	INFO	Running command: "/usr/bin/firefox" "-marionette" "-headless" "-foreground" "-no-remote" "-profile" "/tmp/rust_mozprofile.jpFZTZSf6pC6"
*** You are running in headless mode.
1548427215797	addons.webextension.screenshots@mozilla.org	WARN	Loading extension 'screenshots@mozilla.org': Reading manifest: Invalid host permission: resource://pdf.js/
1548427215797	addons.webextension.screenshots@mozilla.org	WARN	Loading extension 'screenshots@mozilla.org': Reading manifest: Invalid host permission: about:reader*
Fontconfig error: Cannot scan config file "infinality/conf.d"
Fontconfig error: Cannot scan config file "infinality/conf.d"
Fontconfig error: Cannot scan config file "infinality/conf.d"
1548427216642	Marionette	INFO	Listening on port 42491
1548427216656	Marionette	WARN	TLS certificate errors will be ignored for this session
Fontconfig error: Cannot scan config file "infinality/conf.d"
JavaScript error: https://s.imgur.com/min/album.js?1548284521, line 5: TypeError: _.templates is undefined
console.error: BroadcastService: 
  receivedBroadcastMessage: handler for
  remote-settings/monitor_changes
  threw error:
  Message: Error: Polling for changes failed: NetworkError when attempting to fetch resource..
  Stack:
    remoteSettingsFunction/remoteSettings.pollChanges@resource://services-settings/remote-settings.js:750:13

1548427254633	mozrunner::runner	INFO	Running command: "/usr/bin/firefox" "-marionette" "-headless" "-foreground" "-no-remote" "-profile" "/tmp/rust_mozprofile.YdKU9vbPgqvn"
*** You are running in headless mode.
1548427254890	addons.webextension.screenshots@mozilla.org	WARN	Loading extension 'screenshots@mozilla.org': Reading manifest: Invalid host permission: resource://pdf.js/
1548427254890	addons.webextension.screenshots@mozilla.org	WARN	Loading extension 'screenshots@mozilla.org': Reading manifest: Invalid host permission: about:reader*
Fontconfig error: Cannot scan config file "infinality/conf.d"
Fontconfig error: Cannot scan config file "infinality/conf.d"
Fontconfig error: Cannot scan config file "infinality/conf.d"
1548427255719	Marionette	INFO	Listening on port 38383
1548427255741	Marionette	WARN	TLS certificate errors will be ignored for this session
Fontconfig error: Cannot scan config file "infinality/conf.d"
JavaScript error: https://s.imgur.com/min/album.js?1548284521, line 5: TypeError: _.templates is undefined
console.error: BroadcastService: 
  receivedBroadcastMessage: handler for
  remote-settings/monitor_changes
  threw error:
  Message: Error: Polling for changes failed: NetworkError when attempting to fetch resource..
  Stack:
    remoteSettingsFunction/remoteSettings.pollChanges@resource://services-settings/remote-settings.js:750:13

1548427315439	mozrunner::runner	INFO	Running command: "/usr/bin/firefox" "-marionette" "-headless" "-foreground" "-no-remote" "-profile" "/tmp/rust_mozprofile.QtuiWduxZvFB"
*** You are running in headless mode.
1548427315685	addons.webextension.screenshots@mozilla.org	WARN	Loading extension 'screenshots@mozilla.org': Reading manifest: Invalid host permission: resource://pdf.js/
1548427315685	addons.webextension.screenshots@mozilla.org	WARN	Loading extension 'screenshots@mozilla.org': Reading manifest: Invalid host permission: about:reader*
Fontconfig error: Cannot scan config file "infinality/conf.d"
Fontconfig error: Cannot scan config file "infinality/conf.d"
Fontconfig error: Cannot scan config file "infinality/conf.d"
1548427316528	Marionette	INFO	Listening on port 43197
1548427316543	Marionette	WARN	TLS certificate errors will be ignored for this session
[GFX1-]: Receive IPC close with reason=AbnormalShutdown
[Child 18049, Chrome_ChildThread] WARNING: pipe error (3): Connection reset by peer: file /builds/worker/workspace/build/src/ipc/chromium/src/chrome/common/ipc_channel_posix.cc, line 363
[GFX1-]: Receive IPC close with reason=AbnormalShutdown
[Child 17181, Chrome_ChildThread] WARNING: pipe error (3): Connection reset by peer: file /builds/worker/workspace/build/src/ipc/chromium/src/chrome/common/ipc_channel_posix.cc, line 363
[Child 18456, Chrome_ChildThread] WARNING: pipe error (3): Connection reset by peer: file /builds/worker/workspace/build/src/ipc/chromium/src/chrome/common/ipc_channel_posix.cc, line 363
[GFX1-]: Receive IPC close with reason=AbnormalShutdown
[Child 17387, Chrome_ChildThread] WARNING: pipe error (3): Connection reset by peer: file /builds/worker/workspace/build/src/ipc/chromium/src/chrome/common/ipc_channel_posix.cc, line 363
[GFX1-]: Receive IPC close with reason=AbnormalShutdown
[Child 17799, Chrome_ChildThread] WARNING: pipe error (3): Connection reset by peer: file /builds/worker/workspace/build/src/ipc/chromium/src/chrome/common/ipc_channel_posix.cc, line 363
1548427319822	mozrunner::runner	INFO	Running command: "/usr/bin/firefox" "-marionette" "-headless" "-foreground" "-no-remote" "-profile" "/tmp/rust_mozprofile.Gha0ESrO6tEV"
*** You are running in headless mode.
1548427320164	addons.webextension.screenshots@mozilla.org	WARN	Loading extension 'screenshots@mozilla.org': Reading manifest: Invalid host permission: resource://pdf.js/
1548427320164	addons.webextension.screenshots@mozilla.org	WARN	Loading extension 'screenshots@mozilla.org': Reading manifest: Invalid host permission: about:reader*
Fontconfig error: Cannot scan config file "infinality/conf.d"
Fontconfig error: Cannot scan config file "infinality/conf.d"
Fontconfig error: Cannot scan config file "infinality/conf.d"
1548427321399	Marionette	INFO	Listening on port 37133
1548427321461	Marionette	WARN	TLS certificate errors will be ignored for this session
Fontconfig error: Cannot scan config file "infinality/conf.d"
JavaScript error: https://s.imgur.com/min/album.js?1548284521, line 5: TypeError: _.templates is undefined
1548427332670	Marionette	INFO	Stopped listening on port 37133
[Parent 18555, Gecko_IOThread] WARNING: pipe error (74): Connection reset by peer: file /builds/worker/workspace/build/src/ipc/chromium/src/chrome/common/ipc_channel_posix.cc, line 363

###!!! [Child][MessageChannel] Error: (msgtype=0x3000B8,name=PContent::Msg_ScriptError) Channel closing: too late to send/recv, messages will be lost


###!!! [Child][RunMessage] Error: Channel closing: too late to send/recv, messages will be lost


###!!! [Child][RunMessage] Error: Channel closing: too late to send/recv, messages will be lost


###!!! [Child][RunMessage] Error: Channel closing: too late to send/recv, messages will be lost


###!!! [Child][RunMessage] Error: Channel closing: too late to send/recv, messages will be lost


###!!! [Child][MessageChannel] Error: (msgtype=0x4C0006,name=PHttpChannel::Msg_Redirect2Verify) Channel closing: too late to send/recv, messages will be lost


###!!! [Child][MessageChannel] Error: (msgtype=0x4C0006,name=PHttpChannel::Msg_Redirect2Verify) Channel closing: too late to send/recv, messages will be lost


###!!! [Child][RunMessage] Error: Channel closing: too late to send/recv, messages will be lost


###!!! [Child][RunMessage] Error: Channel closing: too late to send/recv, messages will be lost


###!!! [Child][MessageChannel] Error: (msgtype=0x3000B8,name=PContent::Msg_ScriptError) Channel closing: too late to send/recv, messages will be lost


###!!! [Child][RunMessage] Error: Channel closing: too late to send/recv, messages will be lost


###!!! [Child][RunMessage] Error: Channel closing: too late to send/recv, messages will be lost


###!!! [Child][RunMessage] Error: Channel closing: too late to send/recv, messages will be lost


###!!! [Child][RunMessage] Error: Channel closing: too late to send/recv, messages will be lost


###!!! [Child][RunMessage] Error: Channel closing: too late to send/recv, messages will be lost

[Child 18770, Chrome_ChildThread] WARNING: pipe error (3): Connection reset by peer: file /builds/worker/workspace/build/src/ipc/chromium/src/chrome/common/ipc_channel_posix.cc, line 363

###!!! [Child][MessageChannel] Error: (msgtype=0x3000B8,name=PContent::Msg_ScriptError) Channel closing: too late to send/recv, messages will be lost


###!!! [Child][RunMessage] Error: Channel closing: too late to send/recv, messages will be lost


###!!! [Child][RunMessage] Error: Channel closing: too late to send/recv, messages will be lost


###!!! [Child][RunMessage] Error: Channel closing: too late to send/recv, messages will be lost


###!!! [Child][MessageChannel] Error: (msgtype=0x990006,name=PWebSocket::Msg_DeleteSelf) Channel closing: too late to send/recv, messages will be lost

[Parent 18555, Gecko_IOThread] WARNING: pipe error (65): Connection reset by peer: file /builds/worker/workspace/build/src/ipc/chromium/src/chrome/common/ipc_channel_posix.cc, line 363
1548427358485	mozrunner::runner	INFO	Running command: "/usr/bin/firefox" "-marionette" "-headless" "-foreground" "-no-remote" "-profile" "/tmp/rust_mozprofile.tHCiQ5I0W7RB"
*** You are running in headless mode.
1548427358724	addons.webextension.screenshots@mozilla.org	WARN	Loading extension 'screenshots@mozilla.org': Reading manifest: Invalid host permission: resource://pdf.js/
1548427358725	addons.webextension.screenshots@mozilla.org	WARN	Loading extension 'screenshots@mozilla.org': Reading manifest: Invalid host permission: about:reader*
Fontconfig error: Cannot scan config file "infinality/conf.d"
Fontconfig error: Cannot scan config file "infinality/conf.d"
Fontconfig error: Cannot scan config file "infinality/conf.d"
1548427359556	Marionette	INFO	Listening on port 41575
1548427359589	Marionette	WARN	TLS certificate errors will be ignored for this session
Fontconfig error: Cannot scan config file "infinality/conf.d"
JavaScript error: https://s.imgur.com/min/album.js?1548284521, line 5: TypeError: _.templates is undefined
JavaScript error: https://s.imgur.com/min/album.js?1548284521, line 5: TypeError: _.templates is undefined
console.error: BroadcastService: 
  receivedBroadcastMessage: handler for
  remote-settings/monitor_changes
  threw error:
  Message: Error: Polling for changes failed: NetworkError when attempting to fetch resource..
  Stack:
    remoteSettingsFunction/remoteSettings.pollChanges@resource://services-settings/remote-settings.js:750:13

JavaScript error: https://s.imgur.com/min/album.js?1548284521, line 5: TypeError: _.templates is undefined
1548427385960	Marionette	INFO	Stopped listening on port 41575
[Parent 18932, Gecko_IOThread] WARNING: pipe error (65): Connection reset by peer: file /builds/worker/workspace/build/src/ipc/chromium/src/chrome/common/ipc_channel_posix.cc, line 363

###!!! [Child][MessageChannel] Error: (msgtype=0x580029,name=PNecko::Msg_RemoveRequestContext) Channel closing: too late to send/recv, messages will be lost


###!!! [Child][RunMessage] Error: Channel closing: too late to send/recv, messages will be lost


###!!! [Child][RunMessage] Error: Channel closing: too late to send/recv, messages will be lost

[Parent 18932, Gecko_IOThread] WARNING: pipe error (66): Connection reset by peer: file /builds/worker/workspace/build/src/ipc/chromium/src/chrome/common/ipc_channel_posix.cc, line 363
1548427404708	mozrunner::runner	INFO	Running command: "/usr/bin/firefox" "-marionette" "-headless" "-foreground" "-no-remote" "-profile" "/tmp/rust_mozprofile.dvMDbkz5WcM8"
*** You are running in headless mode.
1548427404960	addons.webextension.screenshots@mozilla.org	WARN	Loading extension 'screenshots@mozilla.org': Reading manifest: Invalid host permission: resource://pdf.js/
1548427404960	addons.webextension.screenshots@mozilla.org	WARN	Loading extension 'screenshots@mozilla.org': Reading manifest: Invalid host permission: about:reader*
Fontconfig error: Cannot scan config file "infinality/conf.d"
Fontconfig error: Cannot scan config file "infinality/conf.d"
Fontconfig error: Cannot scan config file "infinality/conf.d"
1548427405793	Marionette	INFO	Listening on port 37429
1548427405816	Marionette	WARN	TLS certificate errors will be ignored for this session
Fontconfig error: Cannot scan config file "infinality/conf.d"
JavaScript error: https://s.imgur.com/min/album.js?1548284521, line 5: TypeError: _.templates is undefined
JavaScript error: https://s.imgur.com/min/album.js?1548284521, line 5: TypeError: _.templates is undefined
JavaScript error: https://s.imgur.com/min/album.js?1548284521, line 5: TypeError: _.templates is undefined
console.error: BroadcastService: 
  receivedBroadcastMessage: handler for
  remote-settings/monitor_changes
  threw error:
  Message: Error: Polling for changes failed: NetworkError when attempting to fetch resource..
  Stack:
    remoteSettingsFunction/remoteSettings.pollChanges@resource://services-settings/remote-settings.js:750:13

1548427428523	Marionette	INFO	Stopped listening on port 37429

###!!! [Child][MessageChannel] Error: (msgtype=0x3000B8,name=PContent::Msg_ScriptError) Channel closing: too late to send/recv, messages will be lost


###!!! [Child][RunMessage] Error: Channel closing: too late to send/recv, messages will be lost


###!!! [Child][RunMessage] Error: Channel closing: too late to send/recv, messages will be lost


###!!! [Child][MessageChannel] Error: (msgtype=0x4C000E,name=PHttpChannel::Msg_DeletingChannel) Channel closing: too late to send/recv, messages will be lost

[Parent 19229, Gecko_IOThread] WARNING: pipe error (65): Connection reset by peer: file /builds/worker/workspace/build/src/ipc/chromium/src/chrome/common/ipc_channel_posix.cc, line 363
[Parent 19229, Gecko_IOThread] WARNING: pipe error (66): Connection reset by peer: file /builds/worker/workspace/build/src/ipc/chromium/src/chrome/common/ipc_channel_posix.cc, line 363
1548427447581	mozrunner::runner	INFO	Running command: "/usr/bin/firefox" "-marionette" "-headless" "-foreground" "-no-remote" "-profile" "/tmp/rust_mozprofile.gXNJBuFB7s1W"
*** You are running in headless mode.
1548427447826	addons.webextension.screenshots@mozilla.org	WARN	Loading extension 'screenshots@mozilla.org': Reading manifest: Invalid host permission: resource://pdf.js/
1548427447826	addons.webextension.screenshots@mozilla.org	WARN	Loading extension 'screenshots@mozilla.org': Reading manifest: Invalid host permission: about:reader*
Fontconfig error: Cannot scan config file "infinality/conf.d"
Fontconfig error: Cannot scan config file "infinality/conf.d"
Fontconfig error: Cannot scan config file "infinality/conf.d"
1548427448673	Marionette	INFO	Listening on port 43087
1548427448685	Marionette	WARN	TLS certificate errors will be ignored for this session
Fontconfig error: Cannot scan config file "infinality/conf.d"
JavaScript error: https://s.imgur.com/min/album.js?1548284521, line 5: TypeError: _.templates is undefined
console.error: BroadcastService: 
  receivedBroadcastMessage: handler for
  remote-settings/monitor_changes
  threw error:
  Message: Error: Polling for changes failed: NetworkError when attempting to fetch resource..
  Stack:
    remoteSettingsFunction/remoteSettings.pollChanges@resource://services-settings/remote-settings.js:750:13

1548427471010	Marionette	INFO	Stopped listening on port 43087
[Parent 19522, Gecko_IOThread] WARNING: pipe error (65): Connection reset by peer: file /builds/worker/workspace/build/src/ipc/chromium/src/chrome/common/ipc_channel_posix.cc, line 363
[Parent 19522, Gecko_IOThread] WARNING: pipe error (66): Connection reset by peer: file /builds/worker/workspace/build/src/ipc/chromium/src/chrome/common/ipc_channel_posix.cc, line 363
1548427934278	mozrunner::runner	INFO	Running command: "/usr/bin/firefox" "-marionette" "-headless" "-foreground" "-no-remote" "-profile" "/tmp/rust_mozprofile.Mct6noT45IVw"
*** You are running in headless mode.
1548427934515	addons.webextension.screenshots@mozilla.org	WARN	Loading extension 'screenshots@mozilla.org': Reading manifest: Invalid host permission: resource://pdf.js/
1548427934515	addons.webextension.screenshots@mozilla.org	WARN	Loading extension 'screenshots@mozilla.org': Reading manifest: Invalid host permission: about:reader*
Fontconfig error: Cannot scan config file "infinality/conf.d"
Fontconfig error: Cannot scan config file "infinality/conf.d"
Fontconfig error: Cannot scan config file "infinality/conf.d"
1548427935346	Marionette	INFO	Listening on port 38753
1548427935388	Marionette	WARN	TLS certificate errors will be ignored for this session
Fontconfig error: Cannot scan config file "infinality/conf.d"
JavaScript error: https://s.imgur.com/min/album.js?1548284521, line 5: TypeError: _.templates is undefined
console.error: BroadcastService: 
  receivedBroadcastMessage: handler for
  remote-settings/monitor_changes
  threw error:
  Message: Error: Polling for changes failed: NetworkError when attempting to fetch resource..
  Stack:
    remoteSettingsFunction/remoteSettings.pollChanges@resource://services-settings/remote-settings.js:750:13

1548427956831	Marionette	INFO	Stopped listening on port 38753
[Child 20014, Chrome_ChildThread] WARNING: pipe error: Broken pipe: file /builds/worker/workspace/build/src/ipc/chromium/src/chrome/common/ipc_channel_posix.cc, line 736
1548429031821	mozrunner::runner	INFO	Running command: "/usr/bin/firefox" "-marionette" "-headless" "-foreground" "-no-remote" "-profile" "/tmp/rust_mozprofile.2lj8blanRNJF"
*** You are running in headless mode.
1548429032075	addons.webextension.screenshots@mozilla.org	WARN	Loading extension 'screenshots@mozilla.org': Reading manifest: Invalid host permission: resource://pdf.js/
1548429032075	addons.webextension.screenshots@mozilla.org	WARN	Loading extension 'screenshots@mozilla.org': Reading manifest: Invalid host permission: about:reader*
Fontconfig error: Cannot scan config file "infinality/conf.d"
Fontconfig error: Cannot scan config file "infinality/conf.d"
Fontconfig error: Cannot scan config file "infinality/conf.d"
1548429032904	Marionette	INFO	Listening on port 35261
1548429032926	Marionette	WARN	TLS certificate errors will be ignored for this session
Fontconfig error: Cannot scan config file "infinality/conf.d"
JavaScript error: https://s.imgur.com/min/album.js?1548284521, line 5: TypeError: _.templates is undefined
1548429050927	Marionette	INFO	Stopped listening on port 35261
[Child 20874, Chrome_ChildThread] WARNING: pipe error (3): Connection reset by peer: file /builds/worker/workspace/build/src/ipc/chromium/src/chrome/common/ipc_channel_posix.cc, line 363

###!!! [Child][MessageChannel] Error: (msgtype=0x4C000E,name=PHttpChannel::Msg_DeletingChannel) Channel closing: too late to send/recv, messages will be lost

[Parent 20696, Gecko_IOThread] WARNING: pipe error (65): Connection reset by peer: file /builds/worker/workspace/build/src/ipc/chromium/src/chrome/common/ipc_channel_posix.cc, line 363
[Parent 20696, Gecko_IOThread] WARNING: pipe error (66): Connection reset by peer: file /builds/worker/workspace/build/src/ipc/chromium/src/chrome/common/ipc_channel_posix.cc, line 363
1548429094696	mozrunner::runner	INFO	Running command: "/usr/bin/firefox" "-marionette" "-headless" "-foreground" "-no-remote" "-profile" "/tmp/rust_mozprofile.NcnMb4xgWlIT"
*** You are running in headless mode.
1548429094945	addons.webextension.screenshots@mozilla.org	WARN	Loading extension 'screenshots@mozilla.org': Reading manifest: Invalid host permission: resource://pdf.js/
1548429094945	addons.webextension.screenshots@mozilla.org	WARN	Loading extension 'screenshots@mozilla.org': Reading manifest: Invalid host permission: about:reader*
Fontconfig error: Cannot scan config file "infinality/conf.d"
Fontconfig error: Cannot scan config file "infinality/conf.d"
Fontconfig error: Cannot scan config file "infinality/conf.d"
1548429095795	Marionette	INFO	Listening on port 33117
1548429095800	Marionette	WARN	TLS certificate errors will be ignored for this session
Fontconfig error: Cannot scan config file "infinality/conf.d"
console.error: BroadcastService: 
  receivedBroadcastMessage: handler for
  remote-settings/monitor_changes
  threw error:
  Message: Error: Polling for changes failed: NetworkError when attempting to fetch resource..
  Stack:
    remoteSettingsFunction/remoteSettings.pollChanges@resource://services-settings/remote-settings.js:750:13

1548429279122	mozrunner::runner	INFO	Running command: "/usr/bin/firefox" "-marionette" "-headless" "-foreground" "-no-remote" "-profile" "/tmp/rust_mozprofile.deXUabcgrHvs"
*** You are running in headless mode.
1548429279377	addons.webextension.screenshots@mozilla.org	WARN	Loading extension 'screenshots@mozilla.org': Reading manifest: Invalid host permission: resource://pdf.js/
1548429279378	addons.webextension.screenshots@mozilla.org	WARN	Loading extension 'screenshots@mozilla.org': Reading manifest: Invalid host permission: about:reader*
Fontconfig error: Cannot scan config file "infinality/conf.d"
Fontconfig error: Cannot scan config file "infinality/conf.d"
Fontconfig error: Cannot scan config file "infinality/conf.d"
1548429280253	Marionette	INFO	Listening on port 34547
1548429280326	Marionette	WARN	TLS certificate errors will be ignored for this session
Fontconfig error: Cannot scan config file "infinality/conf.d"
console.error: BroadcastService: 
  receivedBroadcastMessage: handler for
  remote-settings/monitor_changes
  threw error:
  Message: Error: Polling for changes failed: NetworkError when attempting to fetch resource..
  Stack:
    remoteSettingsFunction/remoteSettings.pollChanges@resource://services-settings/remote-settings.js:750:13

1548429512256	mozrunner::runner	INFO	Running command: "/usr/bin/firefox" "-marionette" "-headless" "-foreground" "-no-remote" "-profile" "/tmp/rust_mozprofile.hkVH8MFNgyVo"
*** You are running in headless mode.
1548429512501	addons.webextension.screenshots@mozilla.org	WARN	Loading extension 'screenshots@mozilla.org': Reading manifest: Invalid host permission: resource://pdf.js/
1548429512501	addons.webextension.screenshots@mozilla.org	WARN	Loading extension 'screenshots@mozilla.org': Reading manifest: Invalid host permission: about:reader*
Fontconfig error: Cannot scan config file "infinality/conf.d"
Fontconfig error: Cannot scan config file "infinality/conf.d"
Fontconfig error: Cannot scan config file "infinality/conf.d"
1548429513371	Marionette	INFO	Listening on port 36895
1548429513469	Marionette	WARN	TLS certificate errors will be ignored for this session
Fontconfig error: Cannot scan config file "infinality/conf.d"
console.error: BroadcastService: 
  receivedBroadcastMessage: handler for
  remote-settings/monitor_changes
  threw error:
  Message: Error: Polling for changes failed: NetworkError when attempting to fetch resource..
  Stack:
    remoteSettingsFunction/remoteSettings.pollChanges@resource://services-settings/remote-settings.js:750:13

JavaScript error: jar:file:///opt/firefox/omni.ja!/components/amInstallTrigger.js, line 41: TypeError: this.mm is null
JavaScript error: resource:///actors/PageStyleChild.jsm, line 17: TypeError: mm is null
1548429614443	Marionette	INFO	Stopped listening on port 36895
[Child 21896, Chrome_ChildThread] WARNING: pipe error: Broken pipe: file /builds/worker/workspace/build/src/ipc/chromium/src/chrome/common/ipc_channel_posix.cc, line 736
[Parent 21716, Gecko_IOThread] WARNING: pipe error (65): Connection reset by peer: file /builds/worker/workspace/build/src/ipc/chromium/src/chrome/common/ipc_channel_posix.cc, line 363
[Parent 21716, Gecko_IOThread] WARNING: pipe error (66): Connection reset by peer: file /builds/worker/workspace/build/src/ipc/chromium/src/chrome/common/ipc_channel_posix.cc, line 363
1548429732542	mozrunner::runner	INFO	Running command: "/usr/bin/firefox" "-marionette" "-headless" "-foreground" "-no-remote" "-profile" "/tmp/rust_mozprofile.x9cCTIoiVkqY"
*** You are running in headless mode.
1548429732789	addons.webextension.screenshots@mozilla.org	WARN	Loading extension 'screenshots@mozilla.org': Reading manifest: Invalid host permission: resource://pdf.js/
1548429732789	addons.webextension.screenshots@mozilla.org	WARN	Loading extension 'screenshots@mozilla.org': Reading manifest: Invalid host permission: about:reader*
Fontconfig error: Cannot scan config file "infinality/conf.d"
Fontconfig error: Cannot scan config file "infinality/conf.d"
Fontconfig error: Cannot scan config file "infinality/conf.d"
1548429733635	Marionette	INFO	Listening on port 34055
1548429733647	Marionette	WARN	TLS certificate errors will be ignored for this session
Fontconfig error: Cannot scan config file "infinality/conf.d"
[GFX1-]: Receive IPC close with reason=AbnormalShutdown
[Child 22361, Chrome_ChildThread] WARNING: pipe error (3): Connection reset by peer: file /builds/worker/workspace/build/src/ipc/chromium/src/chrome/common/ipc_channel_posix.cc, line 363
[GFX1-]: Receive IPC close with reason=AbnormalShutdown
[Child 22258, Chrome_ChildThread] WARNING: pipe error (3): Connection reset by peer: file /builds/worker/workspace/build/src/ipc/chromium/src/chrome/common/ipc_channel_posix.cc, line 363
1548429750380	mozrunner::runner	INFO	Running command: "/usr/bin/firefox" "-marionette" "-headless" "-foreground" "-no-remote" "-profile" "/tmp/rust_mozprofile.u7lJmUPVIFmp"
*** You are running in headless mode.
1548429750627	addons.webextension.screenshots@mozilla.org	WARN	Loading extension 'screenshots@mozilla.org': Reading manifest: Invalid host permission: resource://pdf.js/
1548429750627	addons.webextension.screenshots@mozilla.org	WARN	Loading extension 'screenshots@mozilla.org': Reading manifest: Invalid host permission: about:reader*
Fontconfig error: Cannot scan config file "infinality/conf.d"
Fontconfig error: Cannot scan config file "infinality/conf.d"
Fontconfig error: Cannot scan config file "infinality/conf.d"
1548429751461	Marionette	INFO	Listening on port 38567
1548429751488	Marionette	WARN	TLS certificate errors will be ignored for this session
Fontconfig error: Cannot scan config file "infinality/conf.d"
console.error: BroadcastService: 
  receivedBroadcastMessage: handler for
  remote-settings/monitor_changes
  threw error:
  Message: Error: Polling for changes failed: NetworkError when attempting to fetch resource..
  Stack:
    remoteSettingsFunction/remoteSettings.pollChanges@resource://services-settings/remote-settings.js:750:13

JavaScript error: jar:file:///opt/firefox/omni.ja!/components/amInstallTrigger.js, line 41: TypeError: this.mm is null
JavaScript error: resource:///actors/PageStyleChild.jsm, line 17: TypeError: mm is null
JavaScript error: resource:///actors/PageStyleChild.jsm, line 17: TypeError: mm is null
JavaScript error: resource:///actors/PageStyleChild.jsm, line 17: TypeError: mm is null
JavaScript error: resource:///actors/PageStyleChild.jsm, line 17: TypeError: mm is null
JavaScript error: resource:///actors/PageStyleChild.jsm, line 17: TypeError: mm is null
1548430061629	mozrunner::runner	INFO	Running command: "/usr/bin/firefox" "-marionette" "-headless" "-foreground" "-no-remote" "-profile" "/tmp/rust_mozprofile.NlN3dj9UIlBY"
*** You are running in headless mode.
1548430061878	addons.webextension.screenshots@mozilla.org	WARN	Loading extension 'screenshots@mozilla.org': Reading manifest: Invalid host permission: resource://pdf.js/
1548430061878	addons.webextension.screenshots@mozilla.org	WARN	Loading extension 'screenshots@mozilla.org': Reading manifest: Invalid host permission: about:reader*
Fontconfig error: Cannot scan config file "infinality/conf.d"
Fontconfig error: Cannot scan config file "infinality/conf.d"
Fontconfig error: Cannot scan config file "infinality/conf.d"
1548430062761	Marionette	INFO	Listening on port 42973
1548430062833	Marionette	WARN	TLS certificate errors will be ignored for this session
Fontconfig error: Cannot scan config file "infinality/conf.d"
console.error: BroadcastService: 
  receivedBroadcastMessage: handler for
  remote-settings/monitor_changes
  threw error:
  Message: Error: Polling for changes failed: NetworkError when attempting to fetch resource..
  Stack:
    remoteSettingsFunction/remoteSettings.pollChanges@resource://services-settings/remote-settings.js:750:13

JavaScript error: https://www.redditstatic.com/desktop2x/Governance~Reddit.30bf3f9588ba6e40c3fe.js, line 1: TypeError: t.payload is null
JavaScript error: resource:///actors/PageStyleChild.jsm, line 17: TypeError: mm is null
1548430203486	Marionette	INFO	Stopped listening on port 42973
[Parent 22937, Gecko_IOThread] WARNING: pipe error (65): Connection reset by peer: file /builds/worker/workspace/build/src/ipc/chromium/src/chrome/common/ipc_channel_posix.cc, line 363
1548430457494	mozrunner::runner	INFO	Running command: "/usr/bin/firefox" "-marionette" "-headless" "-foreground" "-no-remote" "-profile" "/tmp/rust_mozprofile.lqsz9Y4ZsUbe"
*** You are running in headless mode.
1548430457734	addons.webextension.screenshots@mozilla.org	WARN	Loading extension 'screenshots@mozilla.org': Reading manifest: Invalid host permission: resource://pdf.js/
1548430457734	addons.webextension.screenshots@mozilla.org	WARN	Loading extension 'screenshots@mozilla.org': Reading manifest: Invalid host permission: about:reader*
Fontconfig error: Cannot scan config file "infinality/conf.d"
Fontconfig error: Cannot scan config file "infinality/conf.d"
Fontconfig error: Cannot scan config file "infinality/conf.d"
1548430458564	Marionette	INFO	Listening on port 38351
1548430458598	Marionette	WARN	TLS certificate errors will be ignored for this session
Fontconfig error: Cannot scan config file "infinality/conf.d"
JavaScript error: https://s.imgur.com/min/album.js?1548284521, line 5: TypeError: _.templates is undefined
1548430476040	Marionette	INFO	Stopped listening on port 38351

###!!! [Child][RunMessage] Error: Channel closing: too late to send/recv, messages will be lost

[Parent 23382, Gecko_IOThread] WARNING: pipe error (65): Connection reset by peer: file /builds/worker/workspace/build/src/ipc/chromium/src/chrome/common/ipc_channel_posix.cc, line 363
1548430501804	mozrunner::runner	INFO	Running command: "/usr/bin/firefox" "-marionette" "-headless" "-foreground" "-no-remote" "-profile" "/tmp/rust_mozprofile.xQ4htdbEZVvn"
*** You are running in headless mode.
1548430502056	addons.webextension.screenshots@mozilla.org	WARN	Loading extension 'screenshots@mozilla.org': Reading manifest: Invalid host permission: resource://pdf.js/
1548430502056	addons.webextension.screenshots@mozilla.org	WARN	Loading extension 'screenshots@mozilla.org': Reading manifest: Invalid host permission: about:reader*
Fontconfig error: Cannot scan config file "infinality/conf.d"
Fontconfig error: Cannot scan config file "infinality/conf.d"
Fontconfig error: Cannot scan config file "infinality/conf.d"
1548430502873	Marionette	INFO	Listening on port 40569
1548430502911	Marionette	WARN	TLS certificate errors will be ignored for this session
Fontconfig error: Cannot scan config file "infinality/conf.d"
console.error: BroadcastService: 
  receivedBroadcastMessage: handler for
  remote-settings/monitor_changes
  threw error:
  Message: Error: Polling for changes failed: NetworkError when attempting to fetch resource..
  Stack:
    remoteSettingsFunction/remoteSettings.pollChanges@resource://services-settings/remote-settings.js:750:13

JavaScript error: resource:///actors/PageStyleChild.jsm, line 17: TypeError: mm is null
JavaScript error: https://cdn.ampproject.org/rtv/011901081935550/amp4ads-v0.js, line 291: NS_ERROR_FAILURE: 
JavaScript error: https://cdn.ampproject.org/rtv/011901081935550/amp4ads-v0.js, line 291: NS_ERROR_FAILURE: 
JavaScript error: resource:///actors/PageStyleChild.jsm, line 17: TypeError: mm is null
JavaScript error: resource:///actors/PageStyleChild.jsm, line 17: TypeError: mm is null
JavaScript error: resource:///actors/PageStyleChild.jsm, line 17: TypeError: mm is null
JavaScript error: resource:///actors/PageStyleChild.jsm, line 17: TypeError: mm is null
JavaScript error: resource:///actors/PageStyleChild.jsm, line 17: TypeError: mm is null
JavaScript error: resource:///actors/PageStyleChild.jsm, line 17: TypeError: mm is null
1548430763626	Marionette	INFO	Stopped listening on port 40569
1548431083409	mozrunner::runner	INFO	Running command: "/usr/bin/firefox" "-marionette" "-headless" "-foreground" "-no-remote" "-profile" "/tmp/rust_mozprofile.JUuP4rKQtEZA"
*** You are running in headless mode.
1548431083654	addons.webextension.screenshots@mozilla.org	WARN	Loading extension 'screenshots@mozilla.org': Reading manifest: Invalid host permission: resource://pdf.js/
1548431083654	addons.webextension.screenshots@mozilla.org	WARN	Loading extension 'screenshots@mozilla.org': Reading manifest: Invalid host permission: about:reader*
Fontconfig error: Cannot scan config file "infinality/conf.d"
Fontconfig error: Cannot scan config file "infinality/conf.d"
Fontconfig error: Cannot scan config file "infinality/conf.d"
1548431084493	Marionette	INFO	Listening on port 34507
1548431084517	Marionette	WARN	TLS certificate errors will be ignored for this session
Fontconfig error: Cannot scan config file "infinality/conf.d"
console.error: BroadcastService: 
  receivedBroadcastMessage: handler for
  remote-settings/monitor_changes
  threw error:
  Message: Error: Polling for changes failed: NetworkError when attempting to fetch resource..
  Stack:
    remoteSettingsFunction/remoteSettings.pollChanges@resource://services-settings/remote-settings.js:750:13

JavaScript error: resource:///actors/PageStyleChild.jsm, line 17: TypeError: mm is null
JavaScript error: jar:file:///opt/firefox/omni.ja!/components/amInstallTrigger.js, line 41: TypeError: this.mm is null
JavaScript error: resource:///actors/PageStyleChild.jsm, line 17: TypeError: mm is null
JavaScript error: jar:file:///opt/firefox/omni.ja!/components/amInstallTrigger.js, line 41: TypeError: this.mm is null
1548431358402	Marionette	INFO	Stopped listening on port 34507
[Parent 24326, Gecko_IOThread] WARNING: pipe error (65): Connection reset by peer: file /builds/worker/workspace/build/src/ipc/chromium/src/chrome/common/ipc_channel_posix.cc, line 363
1548431861264	mozrunner::runner	INFO	Running command: "/usr/bin/firefox" "-marionette" "-headless" "-foreground" "-no-remote" "-profile" "/tmp/rust_mozprofile.Y92amf5jZUZX"
*** You are running in headless mode.
1548431861515	addons.webextension.screenshots@mozilla.org	WARN	Loading extension 'screenshots@mozilla.org': Reading manifest: Invalid host permission: resource://pdf.js/
1548431861515	addons.webextension.screenshots@mozilla.org	WARN	Loading extension 'screenshots@mozilla.org': Reading manifest: Invalid host permission: about:reader*
Fontconfig error: Cannot scan config file "infinality/conf.d"
Fontconfig error: Cannot scan config file "infinality/conf.d"
Fontconfig error: Cannot scan config file "infinality/conf.d"
1548431862340	Marionette	INFO	Listening on port 35855
1548431862368	Marionette	WARN	TLS certificate errors will be ignored for this session
Fontconfig error: Cannot scan config file "infinality/conf.d"
1548431904640	mozrunner::runner	INFO	Running command: "/usr/bin/firefox" "-marionette" "-headless" "-foreground" "-no-remote" "-profile" "/tmp/rust_mozprofile.5jXylTSnsnW0"
*** You are running in headless mode.
1548431904895	addons.webextension.screenshots@mozilla.org	WARN	Loading extension 'screenshots@mozilla.org': Reading manifest: Invalid host permission: resource://pdf.js/
1548431904896	addons.webextension.screenshots@mozilla.org	WARN	Loading extension 'screenshots@mozilla.org': Reading manifest: Invalid host permission: about:reader*
Fontconfig error: Cannot scan config file "infinality/conf.d"
Fontconfig error: Cannot scan config file "infinality/conf.d"
Fontconfig error: Cannot scan config file "infinality/conf.d"
1548431905751	Marionette	INFO	Listening on port 40745
1548431905844	Marionette	WARN	TLS certificate errors will be ignored for this session
Fontconfig error: Cannot scan config file "infinality/conf.d"
JavaScript error: https://s.imgur.com/min/album.js?1548284521, line 5: TypeError: _.templates is undefined
1548431922709	Marionette	INFO	Stopped listening on port 40745
[Parent 25404, Gecko_IOThread] WARNING: pipe error (65): Connection reset by peer: file /builds/worker/workspace/build/src/ipc/chromium/src/chrome/common/ipc_channel_posix.cc, line 363
1548431929614	mozrunner::runner	INFO	Running command: "/usr/bin/firefox" "-marionette" "-headless" "-foreground" "-no-remote" "-profile" "/tmp/rust_mozprofile.QLFgzG5TvcZP"
*** You are running in headless mode.
1548431929869	addons.webextension.screenshots@mozilla.org	WARN	Loading extension 'screenshots@mozilla.org': Reading manifest: Invalid host permission: resource://pdf.js/
1548431929869	addons.webextension.screenshots@mozilla.org	WARN	Loading extension 'screenshots@mozilla.org': Reading manifest: Invalid host permission: about:reader*
Fontconfig error: Cannot scan config file "infinality/conf.d"
Fontconfig error: Cannot scan config file "infinality/conf.d"
Fontconfig error: Cannot scan config file "infinality/conf.d"
1548431930684	Marionette	INFO	Listening on port 33829
1548431930722	Marionette	WARN	TLS certificate errors will be ignored for this session
Fontconfig error: Cannot scan config file "infinality/conf.d"
console.error: BroadcastService: 
  receivedBroadcastMessage: handler for
  remote-settings/monitor_changes
  threw error:
  Message: Error: Polling for changes failed: NetworkError when attempting to fetch resource..
  Stack:
    remoteSettingsFunction/remoteSettings.pollChanges@resource://services-settings/remote-settings.js:750:13

JavaScript error: jar:file:///opt/firefox/omni.ja!/components/amInstallTrigger.js, line 41: TypeError: this.mm is null
JavaScript error: resource:///actors/PageStyleChild.jsm, line 17: TypeError: mm is null
JavaScript error: jar:file:///opt/firefox/omni.ja!/components/amInstallTrigger.js, line 41: TypeError: this.mm is null
JavaScript error: resource:///actors/PageStyleChild.jsm, line 17: TypeError: mm is null
1548432151885	Marionette	INFO	Stopped listening on port 33829
[Parent 25692, Gecko_IOThread] WARNING: pipe error (65): Connection reset by peer: file /builds/worker/workspace/build/src/ipc/chromium/src/chrome/common/ipc_channel_posix.cc, line 363
[Parent 25692, Gecko_IOThread] WARNING: pipe error (66): Connection reset by peer: file /builds/worker/workspace/build/src/ipc/chromium/src/chrome/common/ipc_channel_posix.cc, line 363
